{"/Users/wyattfong/Downloads/UCSD/CSE/CSE110/card-game/website/js/app.js": {"path":"/Users/wyattfong/Downloads/UCSD/CSE/CSE110/card-game/website/js/app.js","statementMap":{"0":{"start":{"line":12,"column":0},"end":{"line":24,"column":3}},"1":{"start":{"line":14,"column":19},"end":{"line":14,"column":38}},"2":{"start":{"line":15,"column":4},"end":{"line":17,"column":5}},"3":{"start":{"line":16,"column":8},"end":{"line":16,"column":25}},"4":{"start":{"line":19,"column":4},"end":{"line":19,"column":26}},"5":{"start":{"line":21,"column":4},"end":{"line":23,"column":5}},"6":{"start":{"line":22,"column":8},"end":{"line":22,"column":29}},"7":{"start":{"line":35,"column":4},"end":{"line":35,"column":21}},"8":{"start":{"line":35,"column":14},"end":{"line":35,"column":21}},"9":{"start":{"line":36,"column":4},"end":{"line":36,"column":56}},"10":{"start":{"line":36,"column":49},"end":{"line":36,"column":56}},"11":{"start":{"line":39,"column":4},"end":{"line":39,"column":42}},"12":{"start":{"line":39,"column":35},"end":{"line":39,"column":42}},"13":{"start":{"line":43,"column":22},"end":{"line":43,"column":59}},"14":{"start":{"line":46,"column":4},"end":{"line":50,"column":5}},"15":{"start":{"line":47,"column":8},"end":{"line":47,"column":61}},"16":{"start":{"line":48,"column":8},"end":{"line":48,"column":78}},"17":{"start":{"line":49,"column":8},"end":{"line":49,"column":15}},"18":{"start":{"line":51,"column":21},"end":{"line":51,"column":26}},"19":{"start":{"line":52,"column":4},"end":{"line":59,"column":5}},"20":{"start":{"line":54,"column":8},"end":{"line":58,"column":9}},"21":{"start":{"line":55,"column":12},"end":{"line":55,"column":30}},"22":{"start":{"line":56,"column":12},"end":{"line":56,"column":28}},"23":{"start":{"line":57,"column":12},"end":{"line":57,"column":62}},"24":{"start":{"line":61,"column":4},"end":{"line":64,"column":5}},"25":{"start":{"line":62,"column":8},"end":{"line":62,"column":34}},"26":{"start":{"line":63,"column":8},"end":{"line":63,"column":66}},"27":{"start":{"line":66,"column":4},"end":{"line":66,"column":59}},"28":{"start":{"line":75,"column":4},"end":{"line":75,"column":66}},"29":{"start":{"line":75,"column":53},"end":{"line":75,"column":66}},"30":{"start":{"line":77,"column":27},"end":{"line":88,"column":5}},"31":{"start":{"line":90,"column":4},"end":{"line":94,"column":5}},"32":{"start":{"line":91,"column":8},"end":{"line":93,"column":9}},"33":{"start":{"line":92,"column":12},"end":{"line":92,"column":25}},"34":{"start":{"line":96,"column":4},"end":{"line":96,"column":16}},"35":{"start":{"line":99,"column":19},"end":{"line":99,"column":58}},"36":{"start":{"line":100,"column":0},"end":{"line":116,"column":1}},"37":{"start":{"line":101,"column":4},"end":{"line":103,"column":6}},"38":{"start":{"line":102,"column":8},"end":{"line":102,"column":44}},"39":{"start":{"line":104,"column":4},"end":{"line":106,"column":6}},"40":{"start":{"line":105,"column":8},"end":{"line":105,"column":43}},"41":{"start":{"line":107,"column":4},"end":{"line":109,"column":6}},"42":{"start":{"line":108,"column":8},"end":{"line":108,"column":45}},"43":{"start":{"line":110,"column":4},"end":{"line":112,"column":6}},"44":{"start":{"line":111,"column":8},"end":{"line":111,"column":44}},"45":{"start":{"line":113,"column":4},"end":{"line":115,"column":6}},"46":{"start":{"line":114,"column":8},"end":{"line":114,"column":44}},"47":{"start":{"line":123,"column":4},"end":{"line":123,"column":59}},"48":{"start":{"line":123,"column":52},"end":{"line":123,"column":59}},"49":{"start":{"line":125,"column":19},"end":{"line":125,"column":38}},"50":{"start":{"line":127,"column":4},"end":{"line":130,"column":5}},"51":{"start":{"line":128,"column":8},"end":{"line":128,"column":55}},"52":{"start":{"line":129,"column":8},"end":{"line":129,"column":15}},"53":{"start":{"line":132,"column":22},"end":{"line":132,"column":79}},"54":{"start":{"line":134,"column":4},"end":{"line":137,"column":5}},"55":{"start":{"line":135,"column":8},"end":{"line":135,"column":74}},"56":{"start":{"line":136,"column":8},"end":{"line":136,"column":15}},"57":{"start":{"line":139,"column":4},"end":{"line":141,"column":7}},"58":{"start":{"line":140,"column":8},"end":{"line":140,"column":32}},"59":{"start":{"line":143,"column":31},"end":{"line":143,"column":66}},"60":{"start":{"line":144,"column":27},"end":{"line":144,"column":52}},"61":{"start":{"line":145,"column":23},"end":{"line":145,"column":44}},"62":{"start":{"line":147,"column":4},"end":{"line":147,"column":55}},"63":{"start":{"line":148,"column":4},"end":{"line":148,"column":51}},"64":{"start":{"line":149,"column":4},"end":{"line":149,"column":47}},"65":{"start":{"line":158,"column":18},"end":{"line":158,"column":28}},"66":{"start":{"line":159,"column":24},"end":{"line":159,"column":149}},"67":{"start":{"line":161,"column":4},"end":{"line":163,"column":7}},"68":{"start":{"line":162,"column":8},"end":{"line":162,"column":42}},"69":{"start":{"line":172,"column":18},"end":{"line":172,"column":28}},"70":{"start":{"line":174,"column":4},"end":{"line":179,"column":61}},"71":{"start":{"line":176,"column":30},"end":{"line":176,"column":50}},"72":{"start":{"line":177,"column":12},"end":{"line":177,"column":37}},"73":{"start":{"line":179,"column":24},"end":{"line":179,"column":59}},"74":{"start":{"line":188,"column":18},"end":{"line":188,"column":28}},"75":{"start":{"line":190,"column":4},"end":{"line":195,"column":61}},"76":{"start":{"line":192,"column":30},"end":{"line":192,"column":50}},"77":{"start":{"line":193,"column":12},"end":{"line":193,"column":37}},"78":{"start":{"line":195,"column":24},"end":{"line":195,"column":59}},"79":{"start":{"line":204,"column":4},"end":{"line":211,"column":5}},"80":{"start":{"line":206,"column":32},"end":{"line":206,"column":61}},"81":{"start":{"line":207,"column":8},"end":{"line":207,"column":56}},"82":{"start":{"line":208,"column":8},"end":{"line":208,"column":65}},"83":{"start":{"line":209,"column":8},"end":{"line":209,"column":46}},"84":{"start":{"line":210,"column":8},"end":{"line":210,"column":15}},"85":{"start":{"line":213,"column":4},"end":{"line":216,"column":7}},"86":{"start":{"line":214,"column":26},"end":{"line":214,"column":55}},"87":{"start":{"line":215,"column":8},"end":{"line":215,"column":40}},"88":{"start":{"line":225,"column":20},"end":{"line":225,"column":53}},"89":{"start":{"line":226,"column":4},"end":{"line":226,"column":37}},"90":{"start":{"line":229,"column":22},"end":{"line":229,"column":41}},"91":{"start":{"line":232,"column":24},"end":{"line":232,"column":48}},"92":{"start":{"line":233,"column":20},"end":{"line":233,"column":42}},"93":{"start":{"line":234,"column":20},"end":{"line":236,"column":5}},"94":{"start":{"line":235,"column":19},"end":{"line":235,"column":55}},"95":{"start":{"line":239,"column":4},"end":{"line":248,"column":4}},"96":{"start":{"line":250,"column":4},"end":{"line":250,"column":19}},"97":{"start":{"line":261,"column":17},"end":{"line":261,"column":66}},"98":{"start":{"line":262,"column":16},"end":{"line":262,"column":68}},"99":{"start":{"line":265,"column":29},"end":{"line":265,"column":113}},"100":{"start":{"line":267,"column":20},"end":{"line":269,"column":43}},"101":{"start":{"line":270,"column":23},"end":{"line":270,"column":75}},"102":{"start":{"line":272,"column":4},"end":{"line":283,"column":6}},"103":{"start":{"line":291,"column":26},"end":{"line":291,"column":67}},"104":{"start":{"line":292,"column":4},"end":{"line":292,"column":31}},"105":{"start":{"line":292,"column":24},"end":{"line":292,"column":31}},"106":{"start":{"line":294,"column":19},"end":{"line":294,"column":38}},"107":{"start":{"line":296,"column":4},"end":{"line":300,"column":5}},"108":{"start":{"line":297,"column":8},"end":{"line":297,"column":55}},"109":{"start":{"line":298,"column":8},"end":{"line":298,"column":30}},"110":{"start":{"line":299,"column":8},"end":{"line":299,"column":15}},"111":{"start":{"line":302,"column":4},"end":{"line":302,"column":30}},"112":{"start":{"line":303,"column":4},"end":{"line":303,"column":33}},"113":{"start":{"line":305,"column":4},"end":{"line":305,"column":20}},"114":{"start":{"line":313,"column":4},"end":{"line":313,"column":39}},"115":{"start":{"line":313,"column":27},"end":{"line":313,"column":39}},"116":{"start":{"line":315,"column":24},"end":{"line":315,"column":48}},"117":{"start":{"line":316,"column":27},"end":{"line":316,"column":54}},"118":{"start":{"line":318,"column":26},"end":{"line":318,"column":76}},"119":{"start":{"line":318,"column":53},"end":{"line":318,"column":75}},"120":{"start":{"line":319,"column":29},"end":{"line":321,"column":5}},"121":{"start":{"line":320,"column":19},"end":{"line":320,"column":41}},"122":{"start":{"line":322,"column":27},"end":{"line":322,"column":66}},"123":{"start":{"line":324,"column":4},"end":{"line":332,"column":5}},"124":{"start":{"line":324,"column":17},"end":{"line":324,"column":41}},"125":{"start":{"line":325,"column":22},"end":{"line":325,"column":41}},"126":{"start":{"line":326,"column":24},"end":{"line":326,"column":46}},"127":{"start":{"line":328,"column":8},"end":{"line":331,"column":9}},"128":{"start":{"line":329,"column":12},"end":{"line":329,"column":41}},"129":{"start":{"line":330,"column":12},"end":{"line":330,"column":25}},"130":{"start":{"line":334,"column":4},"end":{"line":334,"column":16}},"131":{"start":{"line":342,"column":26},"end":{"line":342,"column":67}},"132":{"start":{"line":343,"column":4},"end":{"line":343,"column":31}},"133":{"start":{"line":343,"column":24},"end":{"line":343,"column":31}},"134":{"start":{"line":345,"column":22},"end":{"line":345,"column":44}},"135":{"start":{"line":347,"column":4},"end":{"line":350,"column":5}},"136":{"start":{"line":348,"column":8},"end":{"line":348,"column":34}},"137":{"start":{"line":349,"column":8},"end":{"line":349,"column":15}},"138":{"start":{"line":352,"column":25},"end":{"line":352,"column":67}},"139":{"start":{"line":353,"column":4},"end":{"line":355,"column":5}},"140":{"start":{"line":354,"column":8},"end":{"line":354,"column":30}},"141":{"start":{"line":357,"column":22},"end":{"line":357,"column":53}},"142":{"start":{"line":359,"column":4},"end":{"line":359,"column":34}},"143":{"start":{"line":360,"column":4},"end":{"line":360,"column":60}},"144":{"start":{"line":362,"column":4},"end":{"line":365,"column":6}},"145":{"start":{"line":367,"column":4},"end":{"line":369,"column":11}},"146":{"start":{"line":368,"column":8},"end":{"line":368,"column":38}},"147":{"start":{"line":371,"column":4},"end":{"line":371,"column":31}},"148":{"start":{"line":380,"column":20},"end":{"line":380,"column":53}},"149":{"start":{"line":381,"column":4},"end":{"line":381,"column":37}},"150":{"start":{"line":383,"column":4},"end":{"line":383,"column":53}},"151":{"start":{"line":385,"column":22},"end":{"line":385,"column":41}},"152":{"start":{"line":387,"column":4},"end":{"line":409,"column":6}},"153":{"start":{"line":411,"column":4},"end":{"line":411,"column":19}},"154":{"start":{"line":418,"column":26},"end":{"line":418,"column":67}},"155":{"start":{"line":419,"column":4},"end":{"line":419,"column":31}},"156":{"start":{"line":419,"column":24},"end":{"line":419,"column":31}},"157":{"start":{"line":421,"column":25},"end":{"line":421,"column":67}},"158":{"start":{"line":422,"column":4},"end":{"line":424,"column":5}},"159":{"start":{"line":423,"column":8},"end":{"line":423,"column":30}},"160":{"start":{"line":426,"column":25},"end":{"line":426,"column":58}},"161":{"start":{"line":427,"column":4},"end":{"line":427,"column":52}},"162":{"start":{"line":428,"column":4},"end":{"line":438,"column":6}},"163":{"start":{"line":440,"column":4},"end":{"line":443,"column":6}},"164":{"start":{"line":450,"column":26},"end":{"line":450,"column":67}},"165":{"start":{"line":451,"column":4},"end":{"line":451,"column":31}},"166":{"start":{"line":451,"column":24},"end":{"line":451,"column":31}},"167":{"start":{"line":453,"column":25},"end":{"line":453,"column":67}},"168":{"start":{"line":454,"column":4},"end":{"line":456,"column":5}},"169":{"start":{"line":455,"column":8},"end":{"line":455,"column":30}},"170":{"start":{"line":458,"column":29},"end":{"line":458,"column":62}},"171":{"start":{"line":459,"column":4},"end":{"line":459,"column":61}},"172":{"start":{"line":460,"column":4},"end":{"line":470,"column":6}},"173":{"start":{"line":472,"column":4},"end":{"line":475,"column":6}},"174":{"start":{"line":484,"column":4},"end":{"line":484,"column":23}},"175":{"start":{"line":484,"column":16},"end":{"line":484,"column":23}},"176":{"start":{"line":486,"column":22},"end":{"line":486,"column":46}},"177":{"start":{"line":488,"column":20},"end":{"line":488,"column":42}},"178":{"start":{"line":489,"column":25},"end":{"line":491,"column":5}},"179":{"start":{"line":490,"column":19},"end":{"line":490,"column":55}},"180":{"start":{"line":493,"column":4},"end":{"line":502,"column":5}},"181":{"start":{"line":494,"column":35},"end":{"line":497,"column":9}},"182":{"start":{"line":499,"column":8},"end":{"line":499,"column":45}},"183":{"start":{"line":500,"column":8},"end":{"line":500,"column":73}},"184":{"start":{"line":501,"column":8},"end":{"line":501,"column":76}},"185":{"start":{"line":511,"column":4},"end":{"line":511,"column":23}},"186":{"start":{"line":511,"column":16},"end":{"line":511,"column":23}},"187":{"start":{"line":513,"column":25},"end":{"line":513,"column":52}},"188":{"start":{"line":515,"column":20},"end":{"line":515,"column":42}},"189":{"start":{"line":516,"column":28},"end":{"line":518,"column":5}},"190":{"start":{"line":517,"column":22},"end":{"line":517,"column":64}},"191":{"start":{"line":520,"column":4},"end":{"line":529,"column":5}},"192":{"start":{"line":521,"column":35},"end":{"line":524,"column":9}},"193":{"start":{"line":526,"column":8},"end":{"line":526,"column":48}},"194":{"start":{"line":527,"column":8},"end":{"line":527,"column":79}},"195":{"start":{"line":528,"column":8},"end":{"line":528,"column":79}},"196":{"start":{"line":539,"column":4},"end":{"line":539,"column":27}},"197":{"start":{"line":539,"column":15},"end":{"line":539,"column":27}},"198":{"start":{"line":541,"column":20},"end":{"line":541,"column":40}},"199":{"start":{"line":542,"column":4},"end":{"line":542,"column":30}},"200":{"start":{"line":542,"column":18},"end":{"line":542,"column":30}},"201":{"start":{"line":544,"column":19},"end":{"line":544,"column":38}},"202":{"start":{"line":545,"column":4},"end":{"line":545,"column":72}},"203":{"start":{"line":545,"column":34},"end":{"line":545,"column":70}},"204":{"start":{"line":549,"column":0},"end":{"line":549,"column":37}},"205":{"start":{"line":550,"column":0},"end":{"line":550,"column":43}},"206":{"start":{"line":551,"column":0},"end":{"line":551,"column":49}},"207":{"start":{"line":552,"column":0},"end":{"line":552,"column":51}},"208":{"start":{"line":553,"column":0},"end":{"line":553,"column":35}}},"fnMap":{"0":{"name":"(anonymous_0)","decl":{"start":{"line":12,"column":46},"end":{"line":12,"column":47}},"loc":{"start":{"line":12,"column":52},"end":{"line":24,"column":1}},"line":12},"1":{"name":"updateLocalStorage","decl":{"start":{"line":33,"column":9},"end":{"line":33,"column":27}},"loc":{"start":{"line":33,"column":42},"end":{"line":67,"column":1}},"line":33},"2":{"name":"checkValidEvent","decl":{"start":{"line":74,"column":16},"end":{"line":74,"column":31}},"loc":{"start":{"line":74,"column":39},"end":{"line":97,"column":1}},"line":74},"3":{"name":"(anonymous_3)","decl":{"start":{"line":101,"column":28},"end":{"line":101,"column":29}},"loc":{"start":{"line":101,"column":34},"end":{"line":103,"column":5}},"line":101},"4":{"name":"(anonymous_4)","decl":{"start":{"line":104,"column":28},"end":{"line":104,"column":29}},"loc":{"start":{"line":104,"column":34},"end":{"line":106,"column":5}},"line":104},"5":{"name":"(anonymous_5)","decl":{"start":{"line":107,"column":28},"end":{"line":107,"column":29}},"loc":{"start":{"line":107,"column":34},"end":{"line":109,"column":5}},"line":107},"6":{"name":"(anonymous_6)","decl":{"start":{"line":110,"column":28},"end":{"line":110,"column":29}},"loc":{"start":{"line":110,"column":34},"end":{"line":112,"column":5}},"line":110},"7":{"name":"(anonymous_7)","decl":{"start":{"line":113,"column":28},"end":{"line":113,"column":29}},"loc":{"start":{"line":113,"column":34},"end":{"line":115,"column":5}},"line":113},"8":{"name":"loadEventsForBrowse","decl":{"start":{"line":122,"column":9},"end":{"line":122,"column":28}},"loc":{"start":{"line":122,"column":31},"end":{"line":150,"column":1}},"line":122},"9":{"name":"(anonymous_9)","decl":{"start":{"line":139,"column":22},"end":{"line":139,"column":23}},"loc":{"start":{"line":139,"column":36},"end":{"line":141,"column":5}},"line":139},"10":{"name":"getCurrentlyHappeningEvents","decl":{"start":{"line":157,"column":9},"end":{"line":157,"column":36}},"loc":{"start":{"line":157,"column":45},"end":{"line":164,"column":1}},"line":157},"11":{"name":"(anonymous_11)","decl":{"start":{"line":161,"column":25},"end":{"line":161,"column":26}},"loc":{"start":{"line":161,"column":36},"end":{"line":163,"column":5}},"line":161},"12":{"name":"getUpcomingEvents","decl":{"start":{"line":171,"column":9},"end":{"line":171,"column":26}},"loc":{"start":{"line":171,"column":35},"end":{"line":180,"column":1}},"line":171},"13":{"name":"(anonymous_13)","decl":{"start":{"line":175,"column":16},"end":{"line":175,"column":17}},"loc":{"start":{"line":175,"column":27},"end":{"line":178,"column":9}},"line":175},"14":{"name":"(anonymous_14)","decl":{"start":{"line":179,"column":14},"end":{"line":179,"column":15}},"loc":{"start":{"line":179,"column":24},"end":{"line":179,"column":59}},"line":179},"15":{"name":"getPastEvents","decl":{"start":{"line":187,"column":9},"end":{"line":187,"column":22}},"loc":{"start":{"line":187,"column":31},"end":{"line":196,"column":1}},"line":187},"16":{"name":"(anonymous_16)","decl":{"start":{"line":191,"column":16},"end":{"line":191,"column":17}},"loc":{"start":{"line":191,"column":27},"end":{"line":194,"column":9}},"line":191},"17":{"name":"(anonymous_17)","decl":{"start":{"line":195,"column":14},"end":{"line":195,"column":15}},"loc":{"start":{"line":195,"column":24},"end":{"line":195,"column":59}},"line":195},"18":{"name":"populateCarousel","decl":{"start":{"line":203,"column":9},"end":{"line":203,"column":25}},"loc":{"start":{"line":203,"column":44},"end":{"line":217,"column":1}},"line":203},"19":{"name":"(anonymous_19)","decl":{"start":{"line":213,"column":19},"end":{"line":213,"column":20}},"loc":{"start":{"line":213,"column":30},"end":{"line":216,"column":5}},"line":213},"20":{"name":"createEventCardElement","decl":{"start":{"line":224,"column":9},"end":{"line":224,"column":31}},"loc":{"start":{"line":224,"column":39},"end":{"line":251,"column":1}},"line":224},"21":{"name":"(anonymous_21)","decl":{"start":{"line":235,"column":8},"end":{"line":235,"column":9}},"loc":{"start":{"line":235,"column":19},"end":{"line":235,"column":55}},"line":235},"22":{"name":"mapEventData","decl":{"start":{"line":259,"column":9},"end":{"line":259,"column":21}},"loc":{"start":{"line":259,"column":29},"end":{"line":284,"column":1}},"line":259},"23":{"name":"loadEventsForSwipe","decl":{"start":{"line":290,"column":9},"end":{"line":290,"column":27}},"loc":{"start":{"line":290,"column":30},"end":{"line":306,"column":1}},"line":290},"24":{"name":"getNextUnswipedEvent","decl":{"start":{"line":312,"column":9},"end":{"line":312,"column":29}},"loc":{"start":{"line":312,"column":32},"end":{"line":335,"column":1}},"line":312},"25":{"name":"(anonymous_25)","decl":{"start":{"line":318,"column":42},"end":{"line":318,"column":43}},"loc":{"start":{"line":318,"column":53},"end":{"line":318,"column":75}},"line":318},"26":{"name":"(anonymous_26)","decl":{"start":{"line":320,"column":8},"end":{"line":320,"column":9}},"loc":{"start":{"line":320,"column":19},"end":{"line":320,"column":41}},"line":320},"27":{"name":"showNextEvent","decl":{"start":{"line":341,"column":9},"end":{"line":341,"column":22}},"loc":{"start":{"line":341,"column":25},"end":{"line":372,"column":1}},"line":341},"28":{"name":"(anonymous_28)","decl":{"start":{"line":367,"column":15},"end":{"line":367,"column":16}},"loc":{"start":{"line":367,"column":21},"end":{"line":369,"column":5}},"line":367},"29":{"name":"createSwipeEventCard","decl":{"start":{"line":379,"column":9},"end":{"line":379,"column":29}},"loc":{"start":{"line":379,"column":37},"end":{"line":412,"column":1}},"line":379},"30":{"name":"showNoEventsMessage","decl":{"start":{"line":417,"column":9},"end":{"line":417,"column":28}},"loc":{"start":{"line":417,"column":31},"end":{"line":444,"column":1}},"line":417},"31":{"name":"showNoMoreEventsMessage","decl":{"start":{"line":449,"column":9},"end":{"line":449,"column":32}},"loc":{"start":{"line":449,"column":35},"end":{"line":476,"column":1}},"line":449},"32":{"name":"saveEventAsLiked","decl":{"start":{"line":483,"column":9},"end":{"line":483,"column":25}},"loc":{"start":{"line":483,"column":33},"end":{"line":503,"column":1}},"line":483},"33":{"name":"(anonymous_33)","decl":{"start":{"line":490,"column":8},"end":{"line":490,"column":9}},"loc":{"start":{"line":490,"column":19},"end":{"line":490,"column":55}},"line":490},"34":{"name":"saveEventAsDisliked","decl":{"start":{"line":510,"column":9},"end":{"line":510,"column":28}},"loc":{"start":{"line":510,"column":36},"end":{"line":530,"column":1}},"line":510},"35":{"name":"(anonymous_35)","decl":{"start":{"line":517,"column":8},"end":{"line":517,"column":9}},"loc":{"start":{"line":517,"column":22},"end":{"line":517,"column":64}},"line":517},"36":{"name":"getEventDataFromCard","decl":{"start":{"line":538,"column":9},"end":{"line":538,"column":29}},"loc":{"start":{"line":538,"column":36},"end":{"line":546,"column":1}},"line":538},"37":{"name":"(anonymous_37)","decl":{"start":{"line":545,"column":23},"end":{"line":545,"column":24}},"loc":{"start":{"line":545,"column":34},"end":{"line":545,"column":70}},"line":545}},"branchMap":{"0":{"loc":{"start":{"line":15,"column":4},"end":{"line":17,"column":5}},"type":"if","locations":[{"start":{"line":15,"column":4},"end":{"line":17,"column":5}},{"start":{},"end":{}}],"line":15},"1":{"loc":{"start":{"line":21,"column":4},"end":{"line":23,"column":5}},"type":"if","locations":[{"start":{"line":21,"column":4},"end":{"line":23,"column":5}},{"start":{},"end":{}}],"line":21},"2":{"loc":{"start":{"line":35,"column":4},"end":{"line":35,"column":21}},"type":"if","locations":[{"start":{"line":35,"column":4},"end":{"line":35,"column":21}},{"start":{},"end":{}}],"line":35},"3":{"loc":{"start":{"line":36,"column":4},"end":{"line":36,"column":56}},"type":"if","locations":[{"start":{"line":36,"column":4},"end":{"line":36,"column":56}},{"start":{},"end":{}}],"line":36},"4":{"loc":{"start":{"line":36,"column":8},"end":{"line":36,"column":47}},"type":"binary-expr","locations":[{"start":{"line":36,"column":8},"end":{"line":36,"column":16}},{"start":{"line":36,"column":20},"end":{"line":36,"column":47}}],"line":36},"5":{"loc":{"start":{"line":39,"column":4},"end":{"line":39,"column":42}},"type":"if","locations":[{"start":{"line":39,"column":4},"end":{"line":39,"column":42}},{"start":{},"end":{}}],"line":39},"6":{"loc":{"start":{"line":46,"column":4},"end":{"line":50,"column":5}},"type":"if","locations":[{"start":{"line":46,"column":4},"end":{"line":50,"column":5}},{"start":{},"end":{}}],"line":46},"7":{"loc":{"start":{"line":54,"column":8},"end":{"line":58,"column":9}},"type":"if","locations":[{"start":{"line":54,"column":8},"end":{"line":58,"column":9}},{"start":{},"end":{}}],"line":54},"8":{"loc":{"start":{"line":61,"column":4},"end":{"line":64,"column":5}},"type":"if","locations":[{"start":{"line":61,"column":4},"end":{"line":64,"column":5}},{"start":{},"end":{}}],"line":61},"9":{"loc":{"start":{"line":75,"column":4},"end":{"line":75,"column":66}},"type":"if","locations":[{"start":{"line":75,"column":4},"end":{"line":75,"column":66}},{"start":{},"end":{}}],"line":75},"10":{"loc":{"start":{"line":75,"column":8},"end":{"line":75,"column":51}},"type":"binary-expr","locations":[{"start":{"line":75,"column":8},"end":{"line":75,"column":33}},{"start":{"line":75,"column":37},"end":{"line":75,"column":51}}],"line":75},"11":{"loc":{"start":{"line":91,"column":8},"end":{"line":93,"column":9}},"type":"if","locations":[{"start":{"line":91,"column":8},"end":{"line":93,"column":9}},{"start":{},"end":{}}],"line":91},"12":{"loc":{"start":{"line":91,"column":12},"end":{"line":91,"column":72}},"type":"binary-expr","locations":[{"start":{"line":91,"column":12},"end":{"line":91,"column":27}},{"start":{"line":91,"column":31},"end":{"line":91,"column":72}}],"line":91},"13":{"loc":{"start":{"line":100,"column":0},"end":{"line":116,"column":1}},"type":"if","locations":[{"start":{"line":100,"column":0},"end":{"line":116,"column":1}},{"start":{},"end":{}}],"line":100},"14":{"loc":{"start":{"line":123,"column":4},"end":{"line":123,"column":59}},"type":"if","locations":[{"start":{"line":123,"column":4},"end":{"line":123,"column":59}},{"start":{},"end":{}}],"line":123},"15":{"loc":{"start":{"line":127,"column":4},"end":{"line":130,"column":5}},"type":"if","locations":[{"start":{"line":127,"column":4},"end":{"line":130,"column":5}},{"start":{},"end":{}}],"line":127},"16":{"loc":{"start":{"line":134,"column":4},"end":{"line":137,"column":5}},"type":"if","locations":[{"start":{"line":134,"column":4},"end":{"line":137,"column":5}},{"start":{},"end":{}}],"line":134},"17":{"loc":{"start":{"line":204,"column":4},"end":{"line":211,"column":5}},"type":"if","locations":[{"start":{"line":204,"column":4},"end":{"line":211,"column":5}},{"start":{},"end":{}}],"line":204},"18":{"loc":{"start":{"line":233,"column":20},"end":{"line":233,"column":42}},"type":"binary-expr","locations":[{"start":{"line":233,"column":20},"end":{"line":233,"column":28}},{"start":{"line":233,"column":32},"end":{"line":233,"column":42}}],"line":233},"19":{"loc":{"start":{"line":235,"column":20},"end":{"line":235,"column":42}},"type":"binary-expr","locations":[{"start":{"line":235,"column":20},"end":{"line":235,"column":28}},{"start":{"line":235,"column":32},"end":{"line":235,"column":42}}],"line":235},"20":{"loc":{"start":{"line":242,"column":8},"end":{"line":242,"column":93}},"type":"cond-expr","locations":[{"start":{"line":242,"column":18},"end":{"line":242,"column":88}},{"start":{"line":242,"column":91},"end":{"line":242,"column":93}}],"line":242},"21":{"loc":{"start":{"line":261,"column":17},"end":{"line":261,"column":66}},"type":"binary-expr","locations":[{"start":{"line":261,"column":17},"end":{"line":261,"column":32}},{"start":{"line":261,"column":36},"end":{"line":261,"column":46}},{"start":{"line":261,"column":50},"end":{"line":261,"column":66}}],"line":261},"22":{"loc":{"start":{"line":262,"column":16},"end":{"line":262,"column":68}},"type":"binary-expr","locations":[{"start":{"line":262,"column":16},"end":{"line":262,"column":29}},{"start":{"line":262,"column":33},"end":{"line":262,"column":42}},{"start":{"line":262,"column":46},"end":{"line":262,"column":68}}],"line":262},"23":{"loc":{"start":{"line":267,"column":20},"end":{"line":269,"column":43}},"type":"cond-expr","locations":[{"start":{"line":268,"column":10},"end":{"line":268,"column":42}},{"start":{"line":269,"column":10},"end":{"line":269,"column":43}}],"line":267},"24":{"loc":{"start":{"line":269,"column":10},"end":{"line":269,"column":43}},"type":"binary-expr","locations":[{"start":{"line":269,"column":10},"end":{"line":269,"column":23}},{"start":{"line":269,"column":27},"end":{"line":269,"column":43}}],"line":269},"25":{"loc":{"start":{"line":270,"column":23},"end":{"line":270,"column":75}},"type":"binary-expr","locations":[{"start":{"line":270,"column":23},"end":{"line":270,"column":36}},{"start":{"line":270,"column":40},"end":{"line":270,"column":56}},{"start":{"line":270,"column":60},"end":{"line":270,"column":75}}],"line":270},"26":{"loc":{"start":{"line":275,"column":14},"end":{"line":275,"column":30}},"type":"binary-expr","locations":[{"start":{"line":275,"column":14},"end":{"line":275,"column":24}},{"start":{"line":275,"column":28},"end":{"line":275,"column":30}}],"line":275},"27":{"loc":{"start":{"line":278,"column":18},"end":{"line":278,"column":50}},"type":"binary-expr","locations":[{"start":{"line":278,"column":18},"end":{"line":278,"column":32}},{"start":{"line":278,"column":36},"end":{"line":278,"column":50}}],"line":278},"28":{"loc":{"start":{"line":279,"column":14},"end":{"line":279,"column":57}},"type":"binary-expr","locations":[{"start":{"line":279,"column":14},"end":{"line":279,"column":34}},{"start":{"line":279,"column":38},"end":{"line":279,"column":57}}],"line":279},"29":{"loc":{"start":{"line":280,"column":19},"end":{"line":280,"column":45}},"type":"binary-expr","locations":[{"start":{"line":280,"column":19},"end":{"line":280,"column":34}},{"start":{"line":280,"column":38},"end":{"line":280,"column":45}}],"line":280},"30":{"loc":{"start":{"line":281,"column":17},"end":{"line":281,"column":41}},"type":"binary-expr","locations":[{"start":{"line":281,"column":17},"end":{"line":281,"column":30}},{"start":{"line":281,"column":34},"end":{"line":281,"column":41}}],"line":281},"31":{"loc":{"start":{"line":282,"column":21},"end":{"line":282,"column":68}},"type":"binary-expr","locations":[{"start":{"line":282,"column":21},"end":{"line":282,"column":38}},{"start":{"line":282,"column":42},"end":{"line":282,"column":68}}],"line":282},"32":{"loc":{"start":{"line":292,"column":4},"end":{"line":292,"column":31}},"type":"if","locations":[{"start":{"line":292,"column":4},"end":{"line":292,"column":31}},{"start":{},"end":{}}],"line":292},"33":{"loc":{"start":{"line":296,"column":4},"end":{"line":300,"column":5}},"type":"if","locations":[{"start":{"line":296,"column":4},"end":{"line":300,"column":5}},{"start":{},"end":{}}],"line":296},"34":{"loc":{"start":{"line":313,"column":4},"end":{"line":313,"column":39}},"type":"if","locations":[{"start":{"line":313,"column":4},"end":{"line":313,"column":39}},{"start":{},"end":{}}],"line":313},"35":{"loc":{"start":{"line":318,"column":53},"end":{"line":318,"column":75}},"type":"binary-expr","locations":[{"start":{"line":318,"column":53},"end":{"line":318,"column":61}},{"start":{"line":318,"column":65},"end":{"line":318,"column":75}}],"line":318},"36":{"loc":{"start":{"line":320,"column":19},"end":{"line":320,"column":41}},"type":"binary-expr","locations":[{"start":{"line":320,"column":19},"end":{"line":320,"column":27}},{"start":{"line":320,"column":31},"end":{"line":320,"column":41}}],"line":320},"37":{"loc":{"start":{"line":326,"column":24},"end":{"line":326,"column":46}},"type":"binary-expr","locations":[{"start":{"line":326,"column":24},"end":{"line":326,"column":32}},{"start":{"line":326,"column":36},"end":{"line":326,"column":46}}],"line":326},"38":{"loc":{"start":{"line":328,"column":8},"end":{"line":331,"column":9}},"type":"if","locations":[{"start":{"line":328,"column":8},"end":{"line":331,"column":9}},{"start":{},"end":{}}],"line":328},"39":{"loc":{"start":{"line":343,"column":4},"end":{"line":343,"column":31}},"type":"if","locations":[{"start":{"line":343,"column":4},"end":{"line":343,"column":31}},{"start":{},"end":{}}],"line":343},"40":{"loc":{"start":{"line":347,"column":4},"end":{"line":350,"column":5}},"type":"if","locations":[{"start":{"line":347,"column":4},"end":{"line":350,"column":5}},{"start":{},"end":{}}],"line":347},"41":{"loc":{"start":{"line":353,"column":4},"end":{"line":355,"column":5}},"type":"if","locations":[{"start":{"line":353,"column":4},"end":{"line":355,"column":5}},{"start":{},"end":{}}],"line":353},"42":{"loc":{"start":{"line":383,"column":30},"end":{"line":383,"column":52}},"type":"binary-expr","locations":[{"start":{"line":383,"column":30},"end":{"line":383,"column":38}},{"start":{"line":383,"column":42},"end":{"line":383,"column":52}}],"line":383},"43":{"loc":{"start":{"line":406,"column":69},"end":{"line":406,"column":98}},"type":"cond-expr","locations":[{"start":{"line":406,"column":86},"end":{"line":406,"column":91}},{"start":{"line":406,"column":94},"end":{"line":406,"column":98}}],"line":406},"44":{"loc":{"start":{"line":419,"column":4},"end":{"line":419,"column":31}},"type":"if","locations":[{"start":{"line":419,"column":4},"end":{"line":419,"column":31}},{"start":{},"end":{}}],"line":419},"45":{"loc":{"start":{"line":422,"column":4},"end":{"line":424,"column":5}},"type":"if","locations":[{"start":{"line":422,"column":4},"end":{"line":424,"column":5}},{"start":{},"end":{}}],"line":422},"46":{"loc":{"start":{"line":451,"column":4},"end":{"line":451,"column":31}},"type":"if","locations":[{"start":{"line":451,"column":4},"end":{"line":451,"column":31}},{"start":{},"end":{}}],"line":451},"47":{"loc":{"start":{"line":454,"column":4},"end":{"line":456,"column":5}},"type":"if","locations":[{"start":{"line":454,"column":4},"end":{"line":456,"column":5}},{"start":{},"end":{}}],"line":454},"48":{"loc":{"start":{"line":484,"column":4},"end":{"line":484,"column":23}},"type":"if","locations":[{"start":{"line":484,"column":4},"end":{"line":484,"column":23}},{"start":{},"end":{}}],"line":484},"49":{"loc":{"start":{"line":488,"column":20},"end":{"line":488,"column":42}},"type":"binary-expr","locations":[{"start":{"line":488,"column":20},"end":{"line":488,"column":28}},{"start":{"line":488,"column":32},"end":{"line":488,"column":42}}],"line":488},"50":{"loc":{"start":{"line":490,"column":20},"end":{"line":490,"column":42}},"type":"binary-expr","locations":[{"start":{"line":490,"column":20},"end":{"line":490,"column":28}},{"start":{"line":490,"column":32},"end":{"line":490,"column":42}}],"line":490},"51":{"loc":{"start":{"line":493,"column":4},"end":{"line":502,"column":5}},"type":"if","locations":[{"start":{"line":493,"column":4},"end":{"line":502,"column":5}},{"start":{},"end":{}}],"line":493},"52":{"loc":{"start":{"line":501,"column":45},"end":{"line":501,"column":74}},"type":"binary-expr","locations":[{"start":{"line":501,"column":45},"end":{"line":501,"column":55}},{"start":{"line":501,"column":59},"end":{"line":501,"column":74}}],"line":501},"53":{"loc":{"start":{"line":511,"column":4},"end":{"line":511,"column":23}},"type":"if","locations":[{"start":{"line":511,"column":4},"end":{"line":511,"column":23}},{"start":{},"end":{}}],"line":511},"54":{"loc":{"start":{"line":515,"column":20},"end":{"line":515,"column":42}},"type":"binary-expr","locations":[{"start":{"line":515,"column":20},"end":{"line":515,"column":28}},{"start":{"line":515,"column":32},"end":{"line":515,"column":42}}],"line":515},"55":{"loc":{"start":{"line":517,"column":23},"end":{"line":517,"column":51}},"type":"binary-expr","locations":[{"start":{"line":517,"column":23},"end":{"line":517,"column":34}},{"start":{"line":517,"column":38},"end":{"line":517,"column":51}}],"line":517},"56":{"loc":{"start":{"line":520,"column":4},"end":{"line":529,"column":5}},"type":"if","locations":[{"start":{"line":520,"column":4},"end":{"line":529,"column":5}},{"start":{},"end":{}}],"line":520},"57":{"loc":{"start":{"line":528,"column":48},"end":{"line":528,"column":77}},"type":"binary-expr","locations":[{"start":{"line":528,"column":48},"end":{"line":528,"column":58}},{"start":{"line":528,"column":62},"end":{"line":528,"column":77}}],"line":528},"58":{"loc":{"start":{"line":539,"column":4},"end":{"line":539,"column":27}},"type":"if","locations":[{"start":{"line":539,"column":4},"end":{"line":539,"column":27}},{"start":{},"end":{}}],"line":539},"59":{"loc":{"start":{"line":542,"column":4},"end":{"line":542,"column":30}},"type":"if","locations":[{"start":{"line":542,"column":4},"end":{"line":542,"column":30}},{"start":{},"end":{}}],"line":542},"60":{"loc":{"start":{"line":545,"column":35},"end":{"line":545,"column":57}},"type":"binary-expr","locations":[{"start":{"line":545,"column":35},"end":{"line":545,"column":43}},{"start":{"line":545,"column":47},"end":{"line":545,"column":57}}],"line":545}},"s":{"0":1,"1":0,"2":0,"3":0,"4":0,"5":0,"6":0,"7":0,"8":0,"9":0,"10":0,"11":0,"12":0,"13":0,"14":0,"15":0,"16":0,"17":0,"18":0,"19":0,"20":0,"21":0,"22":0,"23":0,"24":0,"25":0,"26":0,"27":0,"28":11,"29":2,"30":9,"31":9,"32":26,"33":8,"34":1,"35":1,"36":1,"37":0,"38":0,"39":0,"40":0,"41":0,"42":0,"43":0,"44":0,"45":0,"46":0,"47":0,"48":0,"49":0,"50":0,"51":0,"52":0,"53":0,"54":0,"55":0,"56":0,"57":0,"58":0,"59":0,"60":0,"61":0,"62":0,"63":0,"64":0,"65":0,"66":0,"67":0,"68":0,"69":0,"70":0,"71":0,"72":0,"73":0,"74":0,"75":0,"76":0,"77":0,"78":0,"79":0,"80":0,"81":0,"82":0,"83":0,"84":0,"85":0,"86":0,"87":0,"88":0,"89":0,"90":0,"91":0,"92":0,"93":0,"94":0,"95":0,"96":0,"97":0,"98":0,"99":0,"100":0,"101":0,"102":0,"103":0,"104":0,"105":0,"106":0,"107":0,"108":0,"109":0,"110":0,"111":0,"112":0,"113":0,"114":0,"115":0,"116":0,"117":0,"118":0,"119":0,"120":0,"121":0,"122":0,"123":0,"124":0,"125":0,"126":0,"127":0,"128":0,"129":0,"130":0,"131":0,"132":0,"133":0,"134":0,"135":0,"136":0,"137":0,"138":0,"139":0,"140":0,"141":0,"142":0,"143":0,"144":0,"145":0,"146":0,"147":0,"148":0,"149":0,"150":0,"151":0,"152":0,"153":0,"154":0,"155":0,"156":0,"157":0,"158":0,"159":0,"160":0,"161":0,"162":0,"163":0,"164":0,"165":0,"166":0,"167":0,"168":0,"169":0,"170":0,"171":0,"172":0,"173":0,"174":0,"175":0,"176":0,"177":0,"178":0,"179":0,"180":0,"181":0,"182":0,"183":0,"184":0,"185":0,"186":0,"187":0,"188":0,"189":0,"190":0,"191":0,"192":0,"193":0,"194":0,"195":0,"196":0,"197":0,"198":0,"199":0,"200":0,"201":0,"202":0,"203":0,"204":1,"205":1,"206":1,"207":1,"208":1},"f":{"0":0,"1":0,"2":11,"3":0,"4":0,"5":0,"6":0,"7":0,"8":0,"9":0,"10":0,"11":0,"12":0,"13":0,"14":0,"15":0,"16":0,"17":0,"18":0,"19":0,"20":0,"21":0,"22":0,"23":0,"24":0,"25":0,"26":0,"27":0,"28":0,"29":0,"30":0,"31":0,"32":0,"33":0,"34":0,"35":0,"36":0,"37":0},"b":{"0":[0,0],"1":[0,0],"2":[0,0],"3":[0,0],"4":[0,0],"5":[0,0],"6":[0,0],"7":[0,0],"8":[0,0],"9":[2,9],"10":[11,10],"11":[8,18],"12":[26,26],"13":[0,1],"14":[0,0],"15":[0,0],"16":[0,0],"17":[0,0],"18":[0,0],"19":[0,0],"20":[0,0],"21":[0,0,0],"22":[0,0,0],"23":[0,0],"24":[0,0],"25":[0,0,0],"26":[0,0],"27":[0,0],"28":[0,0],"29":[0,0],"30":[0,0],"31":[0,0],"32":[0,0],"33":[0,0],"34":[0,0],"35":[0,0],"36":[0,0],"37":[0,0],"38":[0,0],"39":[0,0],"40":[0,0],"41":[0,0],"42":[0,0],"43":[0,0],"44":[0,0],"45":[0,0],"46":[0,0],"47":[0,0],"48":[0,0],"49":[0,0],"50":[0,0],"51":[0,0],"52":[0,0],"53":[0,0],"54":[0,0],"55":[0,0],"56":[0,0],"57":[0,0],"58":[0,0],"59":[0,0],"60":[0,0]},"inputSourceMap":null,"_coverageSchema":"1a1c01bbd47fc00a2c39e90264f33305004495a9","hash":"18ef3242c3d9405a431f98ca863eee55f919f2b5"}
,"/Users/wyattfong/Downloads/UCSD/CSE/CSE110/card-game/website/js/homeEventCard/homeEventCard.js": {"path":"/Users/wyattfong/Downloads/UCSD/CSE/CSE110/card-game/website/js/homeEventCard/homeEventCard.js","statementMap":{"0":{"start":{"line":6,"column":8},"end":{"line":6,"column":16}},"1":{"start":{"line":7,"column":25},"end":{"line":7,"column":60}},"2":{"start":{"line":8,"column":23},"end":{"line":8,"column":53}},"3":{"start":{"line":9,"column":8},"end":{"line":9,"column":49}},"4":{"start":{"line":10,"column":8},"end":{"line":13,"column":10}},"5":{"start":{"line":14,"column":8},"end":{"line":14,"column":56}},"6":{"start":{"line":15,"column":24},"end":{"line":15,"column":57}},"7":{"start":{"line":16,"column":8},"end":{"line":16,"column":46}},"8":{"start":{"line":17,"column":22},"end":{"line":17,"column":53}},"9":{"start":{"line":18,"column":8},"end":{"line":18,"column":38}},"10":{"start":{"line":19,"column":8},"end":{"line":19,"column":34}},"11":{"start":{"line":20,"column":8},"end":{"line":20,"column":35}},"12":{"start":{"line":21,"column":8},"end":{"line":21,"column":33}},"13":{"start":{"line":48,"column":8},"end":{"line":48,"column":26}},"14":{"start":{"line":48,"column":19},"end":{"line":48,"column":26}},"15":{"start":{"line":49,"column":24},"end":{"line":49,"column":64}},"16":{"start":{"line":50,"column":8},"end":{"line":50,"column":48}},"17":{"start":{"line":54,"column":0},"end":{"line":54,"column":52}}},"fnMap":{"0":{"name":"(anonymous_0)","decl":{"start":{"line":5,"column":4},"end":{"line":5,"column":5}},"loc":{"start":{"line":5,"column":18},"end":{"line":22,"column":5}},"line":5},"1":{"name":"(anonymous_1)","decl":{"start":{"line":47,"column":4},"end":{"line":47,"column":5}},"loc":{"start":{"line":47,"column":19},"end":{"line":51,"column":5}},"line":47}},"branchMap":{"0":{"loc":{"start":{"line":48,"column":8},"end":{"line":48,"column":26}},"type":"if","locations":[{"start":{"line":48,"column":8},"end":{"line":48,"column":26}},{"start":{},"end":{}}],"line":48}},"s":{"0":1,"1":1,"2":1,"3":1,"4":1,"5":1,"6":1,"7":1,"8":1,"9":1,"10":1,"11":1,"12":1,"13":1,"14":0,"15":1,"16":1,"17":1},"f":{"0":1,"1":1},"b":{"0":[0,1]},"inputSourceMap":null,"_coverageSchema":"1a1c01bbd47fc00a2c39e90264f33305004495a9","hash":"0c05433ceee15923eb590689172be209095d28fd"}
,"/Users/wyattfong/Downloads/UCSD/CSE/CSE110/card-game/website/js/homeEventCard/homeEventCardStyles.js": {"path":"/Users/wyattfong/Downloads/UCSD/CSE/CSE110/card-game/website/js/homeEventCard/homeEventCardStyles.js","statementMap":{"0":{"start":{"line":1,"column":22},"end":{"line":80,"column":1}}},"fnMap":{},"branchMap":{},"s":{"0":1},"f":{},"b":{},"inputSourceMap":null,"_coverageSchema":"1a1c01bbd47fc00a2c39e90264f33305004495a9","hash":"30a22fab954020e9b25557cd806ac0b011fafe0a"}
,"/Users/wyattfong/Downloads/UCSD/CSE/CSE110/card-game/website/js/homeEventCard/homeEventCardTemplate.js": {"path":"/Users/wyattfong/Downloads/UCSD/CSE/CSE110/card-game/website/js/homeEventCard/homeEventCardTemplate.js","statementMap":{"0":{"start":{"line":1,"column":24},"end":{"line":21,"column":1}},"1":{"start":{"line":1,"column":34},"end":{"line":21,"column":1}}},"fnMap":{"0":{"name":"(anonymous_0)","decl":{"start":{"line":1,"column":24},"end":{"line":1,"column":25}},"loc":{"start":{"line":1,"column":34},"end":{"line":21,"column":1}},"line":1}},"branchMap":{"0":{"loc":{"start":{"line":18,"column":73},"end":{"line":18,"column":97}},"type":"cond-expr","locations":[{"start":{"line":18,"column":85},"end":{"line":18,"column":90}},{"start":{"line":18,"column":93},"end":{"line":18,"column":97}}],"line":18}},"s":{"0":1,"1":1},"f":{"0":1},"b":{"0":[1,0]},"inputSourceMap":null,"_coverageSchema":"1a1c01bbd47fc00a2c39e90264f33305004495a9","hash":"a4a566f01f631b12754b9a411bf9c8cdb2e0f492"}
}
