{
    "C:\\Users\\aryan\\Desktop\\UCSD\\Spring 2025\\CSE 110\\card-game\\website\\js\\app.js": {
        "path": "C:\\Users\\aryan\\Desktop\\UCSD\\Spring 2025\\CSE 110\\card-game\\website\\js\\app.js",
        "statementMap": {
            "0": {
                "start": { "line": 6, "column": 4 },
                "end": { "line": 6, "column": 29 }
            },
            "1": {
                "start": { "line": 18, "column": 4 },
                "end": { "line": 18, "column": 21 }
            },
            "2": {
                "start": { "line": 18, "column": 14 },
                "end": { "line": 18, "column": 21 }
            },
            "3": {
                "start": { "line": 19, "column": 4 },
                "end": { "line": 19, "column": 56 }
            },
            "4": {
                "start": { "line": 19, "column": 49 },
                "end": { "line": 19, "column": 56 }
            },
            "5": {
                "start": { "line": 22, "column": 4 },
                "end": { "line": 22, "column": 42 }
            },
            "6": {
                "start": { "line": 22, "column": 35 },
                "end": { "line": 22, "column": 42 }
            },
            "7": {
                "start": { "line": 26, "column": 22 },
                "end": { "line": 26, "column": 59 }
            },
            "8": {
                "start": { "line": 29, "column": 4 },
                "end": { "line": 33, "column": 5 }
            },
            "9": {
                "start": { "line": 30, "column": 8 },
                "end": { "line": 30, "column": 61 }
            },
            "10": {
                "start": { "line": 31, "column": 8 },
                "end": { "line": 31, "column": 78 }
            },
            "11": {
                "start": { "line": 32, "column": 8 },
                "end": { "line": 32, "column": 15 }
            },
            "12": {
                "start": { "line": 34, "column": 21 },
                "end": { "line": 34, "column": 26 }
            },
            "13": {
                "start": { "line": 35, "column": 4 },
                "end": { "line": 42, "column": 5 }
            },
            "14": {
                "start": { "line": 37, "column": 8 },
                "end": { "line": 41, "column": 9 }
            },
            "15": {
                "start": { "line": 38, "column": 12 },
                "end": { "line": 38, "column": 30 }
            },
            "16": {
                "start": { "line": 39, "column": 12 },
                "end": { "line": 39, "column": 28 }
            },
            "17": {
                "start": { "line": 40, "column": 12 },
                "end": { "line": 40, "column": 62 }
            },
            "18": {
                "start": { "line": 44, "column": 4 },
                "end": { "line": 47, "column": 5 }
            },
            "19": {
                "start": { "line": 45, "column": 8 },
                "end": { "line": 45, "column": 34 }
            },
            "20": {
                "start": { "line": 46, "column": 8 },
                "end": { "line": 46, "column": 66 }
            },
            "21": {
                "start": { "line": 49, "column": 4 },
                "end": { "line": 49, "column": 59 }
            },
            "22": {
                "start": { "line": 58, "column": 2 },
                "end": { "line": 58, "column": 64 }
            },
            "23": {
                "start": { "line": 58, "column": 51 },
                "end": { "line": 58, "column": 64 }
            },
            "24": {
                "start": { "line": 60, "column": 25 },
                "end": { "line": 71, "column": 3 }
            },
            "25": {
                "start": { "line": 73, "column": 2 },
                "end": { "line": 77, "column": 3 }
            },
            "26": {
                "start": { "line": 74, "column": 4 },
                "end": { "line": 76, "column": 5 }
            },
            "27": {
                "start": { "line": 75, "column": 6 },
                "end": { "line": 75, "column": 19 }
            },
            "28": {
                "start": { "line": 79, "column": 2 },
                "end": { "line": 79, "column": 14 }
            },
            "29": {
                "start": { "line": 83, "column": 0 },
                "end": { "line": 102, "column": 3 }
            },
            "30": {
                "start": { "line": 84, "column": 21 },
                "end": { "line": 84, "column": 60 }
            },
            "31": {
                "start": { "line": 85, "column": 2 },
                "end": { "line": 101, "column": 3 }
            },
            "32": {
                "start": { "line": 86, "column": 4 },
                "end": { "line": 88, "column": 6 }
            },
            "33": {
                "start": { "line": 87, "column": 6 },
                "end": { "line": 87, "column": 42 }
            },
            "34": {
                "start": { "line": 89, "column": 4 },
                "end": { "line": 91, "column": 6 }
            },
            "35": {
                "start": { "line": 90, "column": 6 },
                "end": { "line": 90, "column": 41 }
            },
            "36": {
                "start": { "line": 92, "column": 4 },
                "end": { "line": 94, "column": 6 }
            },
            "37": {
                "start": { "line": 93, "column": 6 },
                "end": { "line": 93, "column": 43 }
            },
            "38": {
                "start": { "line": 95, "column": 4 },
                "end": { "line": 97, "column": 6 }
            },
            "39": {
                "start": { "line": 96, "column": 6 },
                "end": { "line": 96, "column": 42 }
            },
            "40": {
                "start": { "line": 98, "column": 4 },
                "end": { "line": 100, "column": 6 }
            },
            "41": {
                "start": { "line": 99, "column": 6 },
                "end": { "line": 99, "column": 42 }
            }
        },
        "fnMap": {
            "0": {
                "name": "handleClick",
                "decl": {
                    "start": { "line": 5, "column": 9 },
                    "end": { "line": 5, "column": 20 }
                },
                "loc": {
                    "start": { "line": 5, "column": 23 },
                    "end": { "line": 7, "column": 1 }
                },
                "line": 5
            },
            "1": {
                "name": "updateLocalStorage",
                "decl": {
                    "start": { "line": 16, "column": 9 },
                    "end": { "line": 16, "column": 27 }
                },
                "loc": {
                    "start": { "line": 16, "column": 42 },
                    "end": { "line": 50, "column": 1 }
                },
                "line": 16
            },
            "2": {
                "name": "checkValidEvent",
                "decl": {
                    "start": { "line": 57, "column": 9 },
                    "end": { "line": 57, "column": 24 }
                },
                "loc": {
                    "start": { "line": 57, "column": 32 },
                    "end": { "line": 80, "column": 1 }
                },
                "line": 57
            },
            "3": {
                "name": "(anonymous_3)",
                "decl": {
                    "start": { "line": 83, "column": 46 },
                    "end": { "line": 83, "column": 47 }
                },
                "loc": {
                    "start": { "line": 83, "column": 52 },
                    "end": { "line": 102, "column": 1 }
                },
                "line": 83
            },
            "4": {
                "name": "(anonymous_4)",
                "decl": {
                    "start": { "line": 86, "column": 28 },
                    "end": { "line": 86, "column": 29 }
                },
                "loc": {
                    "start": { "line": 86, "column": 34 },
                    "end": { "line": 88, "column": 5 }
                },
                "line": 86
            },
            "5": {
                "name": "(anonymous_5)",
                "decl": {
                    "start": { "line": 89, "column": 28 },
                    "end": { "line": 89, "column": 29 }
                },
                "loc": {
                    "start": { "line": 89, "column": 34 },
                    "end": { "line": 91, "column": 5 }
                },
                "line": 89
            },
            "6": {
                "name": "(anonymous_6)",
                "decl": {
                    "start": { "line": 92, "column": 28 },
                    "end": { "line": 92, "column": 29 }
                },
                "loc": {
                    "start": { "line": 92, "column": 34 },
                    "end": { "line": 94, "column": 5 }
                },
                "line": 92
            },
            "7": {
                "name": "(anonymous_7)",
                "decl": {
                    "start": { "line": 95, "column": 28 },
                    "end": { "line": 95, "column": 29 }
                },
                "loc": {
                    "start": { "line": 95, "column": 34 },
                    "end": { "line": 97, "column": 5 }
                },
                "line": 95
            },
            "8": {
                "name": "(anonymous_8)",
                "decl": {
                    "start": { "line": 98, "column": 28 },
                    "end": { "line": 98, "column": 29 }
                },
                "loc": {
                    "start": { "line": 98, "column": 34 },
                    "end": { "line": 100, "column": 5 }
                },
                "line": 98
            }
        },
        "branchMap": {
            "0": {
                "loc": {
                    "start": { "line": 18, "column": 4 },
                    "end": { "line": 18, "column": 21 }
                },
                "type": "if",
                "locations": [
                    {
                        "start": { "line": 18, "column": 4 },
                        "end": { "line": 18, "column": 21 }
                    },
                    { "start": {}, "end": {} }
                ],
                "line": 18
            },
            "1": {
                "loc": {
                    "start": { "line": 19, "column": 4 },
                    "end": { "line": 19, "column": 56 }
                },
                "type": "if",
                "locations": [
                    {
                        "start": { "line": 19, "column": 4 },
                        "end": { "line": 19, "column": 56 }
                    },
                    { "start": {}, "end": {} }
                ],
                "line": 19
            },
            "2": {
                "loc": {
                    "start": { "line": 19, "column": 8 },
                    "end": { "line": 19, "column": 47 }
                },
                "type": "binary-expr",
                "locations": [
                    {
                        "start": { "line": 19, "column": 8 },
                        "end": { "line": 19, "column": 16 }
                    },
                    {
                        "start": { "line": 19, "column": 20 },
                        "end": { "line": 19, "column": 47 }
                    }
                ],
                "line": 19
            },
            "3": {
                "loc": {
                    "start": { "line": 22, "column": 4 },
                    "end": { "line": 22, "column": 42 }
                },
                "type": "if",
                "locations": [
                    {
                        "start": { "line": 22, "column": 4 },
                        "end": { "line": 22, "column": 42 }
                    },
                    { "start": {}, "end": {} }
                ],
                "line": 22
            },
            "4": {
                "loc": {
                    "start": { "line": 29, "column": 4 },
                    "end": { "line": 33, "column": 5 }
                },
                "type": "if",
                "locations": [
                    {
                        "start": { "line": 29, "column": 4 },
                        "end": { "line": 33, "column": 5 }
                    },
                    { "start": {}, "end": {} }
                ],
                "line": 29
            },
            "5": {
                "loc": {
                    "start": { "line": 37, "column": 8 },
                    "end": { "line": 41, "column": 9 }
                },
                "type": "if",
                "locations": [
                    {
                        "start": { "line": 37, "column": 8 },
                        "end": { "line": 41, "column": 9 }
                    },
                    { "start": {}, "end": {} }
                ],
                "line": 37
            },
            "6": {
                "loc": {
                    "start": { "line": 44, "column": 4 },
                    "end": { "line": 47, "column": 5 }
                },
                "type": "if",
                "locations": [
                    {
                        "start": { "line": 44, "column": 4 },
                        "end": { "line": 47, "column": 5 }
                    },
                    { "start": {}, "end": {} }
                ],
                "line": 44
            },
            "7": {
                "loc": {
                    "start": { "line": 58, "column": 2 },
                    "end": { "line": 58, "column": 64 }
                },
                "type": "if",
                "locations": [
                    {
                        "start": { "line": 58, "column": 2 },
                        "end": { "line": 58, "column": 64 }
                    },
                    { "start": {}, "end": {} }
                ],
                "line": 58
            },
            "8": {
                "loc": {
                    "start": { "line": 58, "column": 6 },
                    "end": { "line": 58, "column": 49 }
                },
                "type": "binary-expr",
                "locations": [
                    {
                        "start": { "line": 58, "column": 6 },
                        "end": { "line": 58, "column": 31 }
                    },
                    {
                        "start": { "line": 58, "column": 35 },
                        "end": { "line": 58, "column": 49 }
                    }
                ],
                "line": 58
            },
            "9": {
                "loc": {
                    "start": { "line": 74, "column": 4 },
                    "end": { "line": 76, "column": 5 }
                },
                "type": "if",
                "locations": [
                    {
                        "start": { "line": 74, "column": 4 },
                        "end": { "line": 76, "column": 5 }
                    },
                    { "start": {}, "end": {} }
                ],
                "line": 74
            },
            "10": {
                "loc": {
                    "start": { "line": 74, "column": 8 },
                    "end": { "line": 74, "column": 68 }
                },
                "type": "binary-expr",
                "locations": [
                    {
                        "start": { "line": 74, "column": 8 },
                        "end": { "line": 74, "column": 23 }
                    },
                    {
                        "start": { "line": 74, "column": 27 },
                        "end": { "line": 74, "column": 68 }
                    }
                ],
                "line": 74
            },
            "11": {
                "loc": {
                    "start": { "line": 85, "column": 2 },
                    "end": { "line": 101, "column": 3 }
                },
                "type": "if",
                "locations": [
                    {
                        "start": { "line": 85, "column": 2 },
                        "end": { "line": 101, "column": 3 }
                    },
                    { "start": {}, "end": {} }
                ],
                "line": 85
            }
        },
        "s": {
            "0": 0,
            "1": 0,
            "2": 0,
            "3": 0,
            "4": 0,
            "5": 0,
            "6": 0,
            "7": 0,
            "8": 0,
            "9": 0,
            "10": 0,
            "11": 0,
            "12": 0,
            "13": 0,
            "14": 0,
            "15": 0,
            "16": 0,
            "17": 0,
            "18": 0,
            "19": 0,
            "20": 0,
            "21": 0,
            "22": 11,
            "23": 2,
            "24": 9,
            "25": 9,
            "26": 26,
            "27": 8,
            "28": 1,
            "29": 1,
            "30": 0,
            "31": 0,
            "32": 0,
            "33": 0,
            "34": 0,
            "35": 0,
            "36": 0,
            "37": 0,
            "38": 0,
            "39": 0,
            "40": 0,
            "41": 0
        },
        "f": {
            "0": 0,
            "1": 0,
            "2": 11,
            "3": 0,
            "4": 0,
            "5": 0,
            "6": 0,
            "7": 0,
            "8": 0
        },
        "b": {
            "0": [0, 0],
            "1": [0, 0],
            "2": [0, 0],
            "3": [0, 0],
            "4": [0, 0],
            "5": [0, 0],
            "6": [0, 0],
            "7": [2, 9],
            "8": [11, 10],
            "9": [8, 18],
            "10": [26, 26],
            "11": [0, 0]
        },
        "inputSourceMap": null,
        "_coverageSchema": "1a1c01bbd47fc00a2c39e90264f33305004495a9",
        "hash": "dfd8f630ac8b076583a60a8c86c169f8a5f7114b"
    }
}
