TN:
SF:website/js/app.js
FN:12,handleClick
FN:23,updateLocalStorage
FN:64,checkValidEvent
FN:91,(anonymous_3)
FN:94,(anonymous_4)
FN:97,(anonymous_5)
FN:100,(anonymous_6)
FN:103,(anonymous_7)
FN:112,loadEventsForBrowse
FN:129,(anonymous_9)
FN:147,getCurrentlyHappeningEvents
FN:151,(anonymous_11)
FN:161,getUpcomingEvents
FN:165,(anonymous_13)
FN:169,(anonymous_14)
FN:177,getPastEvents
FN:181,(anonymous_16)
FN:185,(anonymous_17)
FN:193,populateCarousel
FN:203,(anonymous_19)
FN:214,createEventCardElement
FN:241,mapEventData
FNF:22
FNH:1
FNDA:0,handleClick
FNDA:0,updateLocalStorage
FNDA:11,checkValidEvent
FNDA:0,(anonymous_3)
FNDA:0,(anonymous_4)
FNDA:0,(anonymous_5)
FNDA:0,(anonymous_6)
FNDA:0,(anonymous_7)
FNDA:0,loadEventsForBrowse
FNDA:0,(anonymous_9)
FNDA:0,getCurrentlyHappeningEvents
FNDA:0,(anonymous_11)
FNDA:0,getUpcomingEvents
FNDA:0,(anonymous_13)
FNDA:0,(anonymous_14)
FNDA:0,getPastEvents
FNDA:0,(anonymous_16)
FNDA:0,(anonymous_17)
FNDA:0,populateCarousel
FNDA:0,(anonymous_19)
FNDA:0,createEventCardElement
FNDA:0,mapEventData
DA:13,0
DA:25,0
DA:26,0
DA:29,0
DA:33,0
DA:36,0
DA:37,0
DA:38,0
DA:39,0
DA:41,0
DA:42,0
DA:44,0
DA:45,0
DA:46,0
DA:47,0
DA:51,0
DA:52,0
DA:53,0
DA:56,0
DA:65,11
DA:67,9
DA:80,9
DA:81,26
DA:82,8
DA:86,1
DA:89,1
DA:90,1
DA:91,0
DA:92,0
DA:94,0
DA:95,0
DA:97,0
DA:98,0
DA:100,0
DA:101,0
DA:103,0
DA:104,0
DA:113,0
DA:115,0
DA:117,0
DA:118,0
DA:119,0
DA:122,0
DA:124,0
DA:125,0
DA:126,0
DA:129,0
DA:130,0
DA:133,0
DA:134,0
DA:135,0
DA:137,0
DA:138,0
DA:139,0
DA:148,0
DA:149,0
DA:151,0
DA:152,0
DA:162,0
DA:164,0
DA:166,0
DA:167,0
DA:169,0
DA:178,0
DA:180,0
DA:182,0
DA:183,0
DA:185,0
DA:194,0
DA:196,0
DA:197,0
DA:198,0
DA:199,0
DA:200,0
DA:203,0
DA:204,0
DA:205,0
DA:215,0
DA:216,0
DA:219,0
DA:222,0
DA:232,0
DA:243,0
DA:244,0
DA:245,0
DA:248,0
DA:250,0
DA:264,1
LF:88
LH:9
BRDA:25,0,0,0
BRDA:25,0,1,0
BRDA:26,1,0,0
BRDA:26,1,1,0
BRDA:26,2,0,0
BRDA:26,2,1,0
BRDA:29,3,0,0
BRDA:29,3,1,0
BRDA:36,4,0,0
BRDA:36,4,1,0
BRDA:44,5,0,0
BRDA:44,5,1,0
BRDA:51,6,0,0
BRDA:51,6,1,0
BRDA:65,7,0,2
BRDA:65,7,1,9
BRDA:65,8,0,11
BRDA:65,8,1,10
BRDA:81,9,0,8
BRDA:81,9,1,18
BRDA:81,10,0,26
BRDA:81,10,1,26
BRDA:90,11,0,0
BRDA:90,11,1,1
BRDA:113,12,0,0
BRDA:113,12,1,0
BRDA:117,13,0,0
BRDA:117,13,1,0
BRDA:124,14,0,0
BRDA:124,14,1,0
BRDA:194,15,0,0
BRDA:194,15,1,0
BRDA:243,16,0,0
BRDA:243,16,1,0
BRDA:243,16,2,0
BRDA:244,17,0,0
BRDA:244,17,1,0
BRDA:244,17,2,0
BRDA:245,18,0,0
BRDA:245,18,1,0
BRDA:247,19,0,0
BRDA:247,19,1,0
BRDA:248,20,0,0
BRDA:248,20,1,0
BRDA:248,20,2,0
BRDA:253,21,0,0
BRDA:253,21,1,0
BRDA:256,22,0,0
BRDA:256,22,1,0
BRDA:257,23,0,0
BRDA:257,23,1,0
BRDA:258,24,0,0
BRDA:258,24,1,0
BRDA:259,25,0,0
BRDA:259,25,1,0
BRDA:260,26,0,0
BRDA:260,26,1,0
BRF:57
BRH:9
end_of_record
TN:
SF:website/js/custom_form.js
FN:1,(anonymous_0)
FN:7,(anonymous_1)
FN:8,(anonymous_2)
FN:15,(anonymous_3)
FN:43,(anonymous_4)
FNF:5
FNH:3
FNDA:1,(anonymous_0)
FNDA:0,(anonymous_1)
FNDA:0,(anonymous_2)
FNDA:1,(anonymous_3)
FNDA:2,(anonymous_4)
DA:1,1
DA:2,1
DA:3,1
DA:4,1
DA:6,1
DA:7,0
DA:8,0
DA:9,0
DA:15,1
DA:16,1
DA:18,1
DA:19,1
DA:21,1
DA:35,1
DA:37,1
DA:39,1
DA:41,1
DA:42,1
DA:43,2
DA:44,1
DA:45,0
LF:21
LH:17
BRDA:6,0,0,0
BRDA:6,0,1,1
BRDA:10,1,0,0
BRDA:10,1,1,0
BRDA:10,2,0,0
BRDA:10,2,1,0
BRDA:30,3,0,0
BRDA:30,3,1,1
BRDA:35,4,0,1
BRDA:35,4,1,1
BRDA:44,5,0,0
BRDA:44,5,1,1
BRF:12
BRH:5
end_of_record
TN:
SF:website/js/sum_function.js
FN:4,sum
FNF:1
FNH:1
FNDA:2,sum
DA:5,2
LF:1
LH:1
BRF:0
BRH:0
end_of_record
TN:
SF:website/js/homeEventCard/homeEventCard.js
FN:5,(anonymous_0)
FN:47,(anonymous_1)
FNF:2
FNH:2
FNDA:1,(anonymous_0)
FNDA:1,(anonymous_1)
DA:6,1
DA:7,1
DA:8,1
DA:9,1
DA:10,1
DA:14,1
DA:15,1
DA:16,1
DA:17,1
DA:18,1
DA:19,1
DA:20,1
DA:21,1
DA:48,1
DA:49,1
DA:50,1
DA:54,1
LF:17
LH:17
BRDA:48,0,0,0
BRDA:48,0,1,1
BRF:2
BRH:1
end_of_record
TN:
SF:website/js/homeEventCard/homeEventCardStyles.js
FNF:0
FNH:0
DA:1,1
LF:1
LH:1
BRF:0
BRH:0
end_of_record
TN:
SF:website/js/homeEventCard/homeEventCardTemplate.js
FN:1,(anonymous_0)
FNF:1
FNH:1
FNDA:1,(anonymous_0)
DA:1,1
LF:1
LH:1
BRDA:18,0,0,1
BRDA:18,0,1,0
BRF:2
BRH:1
end_of_record
