TN:
SF:website\js\app.js
FN:5,handleClick
FN:16,updateLocalStorage
FN:57,checkValidEvent
FN:81,(anonymous_3)
FN:84,(anonymous_4)
FN:87,(anonymous_5)
FN:90,(anonymous_6)
FN:93,(anonymous_7)
FN:96,(anonymous_8)
FNF:9
FNH:1
FNDA:0,handleClick
FNDA:0,updateLocalStorage
FNDA:5,checkValidEvent
FNDA:0,(anonymous_3)
FNDA:0,(anonymous_4)
FNDA:0,(anonymous_5)
FNDA:0,(anonymous_6)
FNDA:0,(anonymous_7)
FNDA:0,(anonymous_8)
DA:6,0
DA:18,0
DA:19,0
DA:22,0
DA:26,0
DA:29,0
DA:30,0
DA:31,0
DA:32,0
DA:34,0
DA:35,0
DA:37,0
DA:38,0
DA:39,0
DA:40,0
DA:44,0
DA:45,0
DA:46,0
DA:49,0
DA:58,5
DA:60,3
DA:73,3
DA:74,14
DA:75,2
DA:78,1
DA:81,1
DA:82,0
DA:83,0
DA:84,0
DA:85,0
DA:87,0
DA:88,0
DA:90,0
DA:91,0
DA:93,0
DA:94,0
DA:96,0
DA:97,0
LF:38
LH:7
BRDA:18,0,0,0
BRDA:18,0,1,0
BRDA:19,1,0,0
BRDA:19,1,1,0
BRDA:19,2,0,0
BRDA:19,2,1,0
BRDA:22,3,0,0
BRDA:22,3,1,0
BRDA:29,4,0,0
BRDA:29,4,1,0
BRDA:37,5,0,0
BRDA:37,5,1,0
BRDA:44,6,0,0
BRDA:44,6,1,0
BRDA:58,7,0,2
BRDA:58,7,1,3
BRDA:58,8,0,5
BRDA:58,8,1,4
BRDA:74,9,0,2
BRDA:74,9,1,12
BRDA:74,10,0,14
BRDA:74,10,1,14
BRDA:83,11,0,0
BRDA:83,11,1,0
BRF:24
BRH:8
end_of_record
TN:
SF:website\js\sum_function.js
FN:4,sum
FNF:1
FNH:1
FNDA:2,sum
DA:5,2
LF:1
LH:1
BRF:0
BRH:0
end_of_record
